\BOOKMARK [1][-]{section*.2}{Įvadas}{}% 1
\BOOKMARK [1][-]{section.1}{Sukurtos sistemos aprašymas\(v1.0\)}{}% 2
\BOOKMARK [2][-]{subsection.1.1}{Loginis pjūvis}{section.1}% 3
\BOOKMARK [3][-]{subsubsection.1.1.1}{Žodynas}{subsection.1.1}% 4
\BOOKMARK [3][-]{subsubsection.1.1.2}{Klasių diagrama}{subsection.1.1}% 5
\BOOKMARK [2][-]{subsection.1.2}{Kūrimo pjūvis}{section.1}% 6
\BOOKMARK [2][-]{subsection.1.3}{Use\040cases}{section.1}% 7
\BOOKMARK [2][-]{subsection.1.4}{Proceso pjūvis}{section.1}% 8
\BOOKMARK [3][-]{subsubsection.1.4.1}{Veiklos\040diagramos}{subsection.1.4}% 9
\BOOKMARK [3][-]{subsubsection.1.4.2}{Būsėnų diagrama}{subsection.1.4}% 10
\BOOKMARK [2][-]{subsection.1.5}{Fizinis pjūvis}{section.1}% 11
\BOOKMARK [2][-]{subsection.1.6}{Pirmos dalies išvada}{section.1}% 12
\BOOKMARK [1][-]{section.2}{Perprojektuotos sistemos aprašymas\(To-Be, v2.0\)}{}% 13
\BOOKMARK [2][-]{subsection.2.1}{Loginis pjūvis}{section.2}% 14
\BOOKMARK [3][-]{subsubsection.2.1.1}{Žodynas}{subsection.2.1}% 15
\BOOKMARK [3][-]{subsubsection.2.1.2}{Klasių diagrama}{subsection.2.1}% 16
\BOOKMARK [2][-]{subsection.2.2}{Kūrimo pjūvis}{section.2}% 17
\BOOKMARK [2][-]{subsection.2.3}{Use\040case}{section.2}% 18
\BOOKMARK [2][-]{subsection.2.4}{Proceso pjūvis}{section.2}% 19
\BOOKMARK [3][-]{subsubsection.2.4.1}{Sekų diagramos}{subsection.2.4}% 20
\BOOKMARK [3][-]{subsubsection.2.4.2}{Būsenų diagramos}{subsection.2.4}% 21
\BOOKMARK [3][-]{subsubsection.2.4.3}{Veiklos\040diagramos}{subsection.2.4}% 22
\BOOKMARK [2][-]{subsection.2.5}{Fizinis pjūvis}{section.2}% 23
\BOOKMARK [2][-]{subsection.2.6}{Antros dalies išvada}{section.2}% 24
\BOOKMARK [1][-]{section*.37}{Rezultatai ir išvados}{}% 25
