\BOOKMARK [1][-]{section.1}{Įvadas}{}% 1
\BOOKMARK [1][-]{section.2}{Verslo\040sritis}{}% 2
\BOOKMARK [1][-]{section.3}{Išorinė analizė}{}% 3
\BOOKMARK [2][-]{subsection.3.1}{Black Box analizė}{section.3}% 4
\BOOKMARK [2][-]{subsection.3.2}{Tiekimo grandinė}{section.3}% 5
\BOOKMARK [3][-]{subsubsection.3.2.1}{Pirkėjų apibrėžimas}{subsection.3.2}% 6
\BOOKMARK [3][-]{subsubsection.3.2.2}{Pirkėjų poreikiai}{subsection.3.2}% 7
\BOOKMARK [3][-]{subsubsection.3.2.3}{Derybinės galimybės su tiekėjais}{subsection.3.2}% 8
\BOOKMARK [2][-]{subsection.3.3}{5 Porterio jegų analizė}{section.3}% 9
\BOOKMARK [2][-]{subsection.3.4}{Canvas}{section.3}% 10
\BOOKMARK [3][-]{subsubsection.3.4.1}{Kuriama vertė}{subsection.3.4}% 11
\BOOKMARK [3][-]{subsubsection.3.4.2}{Klientų segmentai}{subsection.3.4}% 12
\BOOKMARK [3][-]{subsubsection.3.4.3}{Komunikavimo\040kanalai}{subsection.3.4}% 13
\BOOKMARK [3][-]{subsubsection.3.4.4}{Santykių su klientais valdymas}{subsection.3.4}% 14
\BOOKMARK [3][-]{subsubsection.3.4.5}{Pajamų struktūra}{subsection.3.4}% 15
\BOOKMARK [3][-]{subsubsection.3.4.6}{Resursai}{subsection.3.4}% 16
\BOOKMARK [3][-]{subsubsection.3.4.7}{Pagrindiniai\040partneriai}{subsection.3.4}% 17
\BOOKMARK [3][-]{subsubsection.3.4.8}{Veiklos}{subsection.3.4}% 18
\BOOKMARK [3][-]{subsubsection.3.4.9}{Kaštų struktūra}{subsection.3.4}% 19
\BOOKMARK [2][-]{subsection.3.5}{Įverčiai}{section.3}% 20
\BOOKMARK [1][-]{section.4}{Vidinė dalykinės srities analizė}{}% 21
\BOOKMARK [2][-]{subsection.4.1}{Vertės grandinė}{section.4}% 22
\BOOKMARK [2][-]{subsection.4.2}{Tikslai}{section.4}% 23
\BOOKMARK [2][-]{subsection.4.3}{Strategijos}{section.4}% 24
\BOOKMARK [2][-]{subsection.4.4}{Taktikos}{section.4}% 25
\BOOKMARK [1][-]{section.5}{Misija\040ir\040vizija}{}% 26
\BOOKMARK [1][-]{section.6}{Procesų pjūvis}{}% 27
\BOOKMARK [1][-]{section.7}{Analizės rezultatai, apibendrinimas}{}% 28
\BOOKMARK [2][-]{subsection.7.1}{Stiprybės}{section.7}% 29
\BOOKMARK [2][-]{subsection.7.2}{Silpnybės}{section.7}% 30
\BOOKMARK [2][-]{subsection.7.3}{Galimybės}{section.7}% 31
\BOOKMARK [2][-]{subsection.7.4}{Pavojai}{section.7}% 32
\BOOKMARK [1][-]{section.8}{Strateginiai\040tikslai}{}% 33
\BOOKMARK [1][-]{section.9}{Sistemos\040naudojimo\040scenarijus}{}% 34
\BOOKMARK [1][-]{section.10}{Sistemos įgyvendinimo planas}{}% 35
\BOOKMARK [1][-]{section.11}{Įgyvendinamumo analizė}{}% 36
\BOOKMARK [2][-]{subsection.11.1}{Operacinė analizė}{section.11}% 37
\BOOKMARK [2][-]{subsection.11.2}{Techninė analizė}{section.11}% 38
\BOOKMARK [2][-]{subsection.11.3}{Ekonominė analizė}{section.11}% 39
\BOOKMARK [2][-]{subsection.11.4}{Teisinė analizė}{section.11}% 40
\BOOKMARK [1][-]{section.12}{Išvados}{}% 41
\BOOKMARK [1][-]{section.13}{Žodynas}{}% 42
